0 info it worked if it ends with ok
1 verbose cli [ '/usr/bin/nodejs', '/usr/bin/npm', 'run', 'build:dev' ]
2 info using npm@3.5.2
3 info using node@v4.2.6
4 verbose run-script [ 'prebuild:dev', 'build:dev', 'postbuild:dev' ]
5 info lifecycle tplcoir@1.0.0~prebuild:dev: tplcoir@1.0.0
6 silly lifecycle tplcoir@1.0.0~prebuild:dev: no script for prebuild:dev, continuing
7 info lifecycle tplcoir@1.0.0~build:dev: tplcoir@1.0.0
8 verbose lifecycle tplcoir@1.0.0~build:dev: unsafe-perm in lifecycle true
9 verbose lifecycle tplcoir@1.0.0~build:dev: PATH: /usr/share/npm/bin/node-gyp-bin:/home/marcelo/Documentos/Desarrollo/tplcoir/node_modules/.bin:/home/marcelo/bin:/home/marcelo/.local/bin:/usr/local/sbin:/usr/local/bin:/usr/sbin:/usr/bin:/sbin:/bin:/usr/games:/usr/local/games
10 verbose lifecycle tplcoir@1.0.0~build:dev: CWD: /home/marcelo/Documentos/Desarrollo/tplcoir
11 silly lifecycle tplcoir@1.0.0~build:dev: Args: [ '-c', 'webpack-dev-server --config ./webpack.config.js' ]
12 silly lifecycle tplcoir@1.0.0~build:dev: Returned: code: 1  signal: null
13 info lifecycle tplcoir@1.0.0~build:dev: Failed to exec build:dev script
14 verbose stack Error: tplcoir@1.0.0 build:dev: `webpack-dev-server --config ./webpack.config.js`
14 verbose stack Exit status 1
14 verbose stack     at EventEmitter.<anonymous> (/usr/share/npm/lib/utils/lifecycle.js:232:16)
14 verbose stack     at emitTwo (events.js:87:13)
14 verbose stack     at EventEmitter.emit (events.js:172:7)
14 verbose stack     at ChildProcess.<anonymous> (/usr/share/npm/lib/utils/spawn.js:24:14)
14 verbose stack     at emitTwo (events.js:87:13)
14 verbose stack     at ChildProcess.emit (events.js:172:7)
14 verbose stack     at maybeClose (internal/child_process.js:821:16)
14 verbose stack     at Process.ChildProcess._handle.onexit (internal/child_process.js:211:5)
15 verbose pkgid tplcoir@1.0.0
16 verbose cwd /home/marcelo/Documentos/Desarrollo/tplcoir
17 error Linux 4.15.0-29-generic
18 error argv "/usr/bin/nodejs" "/usr/bin/npm" "run" "build:dev"
19 error node v4.2.6
20 error npm  v3.5.2
21 error code ELIFECYCLE
22 error tplcoir@1.0.0 build:dev: `webpack-dev-server --config ./webpack.config.js`
22 error Exit status 1
23 error Failed at the tplcoir@1.0.0 build:dev script 'webpack-dev-server --config ./webpack.config.js'.
23 error Make sure you have the latest version of node.js and npm installed.
23 error If you do, this is most likely a problem with the tplcoir package,
23 error not with npm itself.
23 error Tell the author that this fails on your system:
23 error     webpack-dev-server --config ./webpack.config.js
23 error You can get information on how to open an issue for this project with:
23 error     npm bugs tplcoir
23 error Or if that isn't available, you can get their info via:
23 error     npm owner ls tplcoir
23 error There is likely additional logging output above.
24 verbose exit [ 1, true ]
